<?xml version="1.0" encoding="UTF-8"?>
<!-- Generated by org.testng.reporters.JUnitReportReporter -->
<testsuite skipped="0" hostname="sabarishs-mbp.lan" name="testcase.CreateLead" tests="2" failures="0" timestamp="2022-10-19T08:50:19 CDT" time="56.104" errors="0">
  <testcase name="runCreateLead" time="29.550" classname="testcase.CreateLead"/>
  <system-out/>
  <testcase name="runCreateLead" time="26.554" classname="testcase.CreateLead"/>
  <system-out/>
</testsuite> <!-- testcase.CreateLead -->
