<?xml version="1.0" encoding="UTF-8"?>
<!-- Generated by org.testng.reporters.JUnitReportReporter -->
<testsuite skipped="0" hostname="sabarishs-mbp.lan" name="Marathon3.Testcase1" tests="2" failures="0" timestamp="2022-10-21T04:43:06 CDT" time="55.051" errors="0">
  <testcase name="runTestcase1" time="27.708" classname="Marathon3.Testcase1"/>
  <system-out/>
  <testcase name="runTestcase1" time="27.343" classname="Marathon3.Testcase1"/>
  <system-out/>
</testsuite> <!-- Marathon3.Testcase1 -->
