<?xml version="1.0" encoding="UTF-8"?>
<!-- Generated by org.testng.reporters.JUnitReportReporter -->
<testsuite skipped="0" hostname="sabarishs-mbp.lan" name="testcase.EditLead" tests="2" failures="0" timestamp="2022-10-19T09:16:39 CDT" time="201.532" errors="0">
  <testcase name="runEditLead" time="103.648" classname="testcase.EditLead"/>
  <system-out/>
  <testcase name="runEditLead" time="97.884" classname="testcase.EditLead"/>
  <system-out/>
</testsuite> <!-- testcase.EditLead -->
