<?xml version="1.0" encoding="UTF-8"?>
<!-- Generated by org.testng.reporters.JUnitReportReporter -->
<testsuite skipped="0" hostname="sabarishs-mbp.lan" name="week5.day2.LearnAttribute" tests="2" failures="0" timestamp="2022-10-02T04:33:54 CDT" time="0.010" errors="0">
  <testcase name="create" time="0.009" classname="week5.day2.LearnAttribute"/>
  <system-out/>
  <testcase name="edit" time="0.001" classname="week5.day2.LearnAttribute"/>
  <system-out/>
</testsuite> <!-- week5.day2.LearnAttribute -->
