<?xml version="1.0" encoding="UTF-8"?>
<!-- Generated by org.testng.reporters.JUnitReportReporter -->
<testsuite skipped="0" hostname="sabarishs-mbp.lan" name="week5.day1.TestngSample" tests="1" failures="0" timestamp="2022-10-01T06:20:07 CDT" time="18.389" errors="0">
  <testcase name="loginPage" time="18.389" classname="week5.day1.TestngSample"/>
  <system-out/>
</testsuite> <!-- week5.day1.TestngSample -->
