<?xml version="1.0" encoding="UTF-8"?>
<!-- Generated by org.testng.reporters.JUnitReportReporter -->
<testsuite skipped="0" hostname="sabarishs-mbp.lan" name="testcase.DeleteLead" tests="2" failures="0" timestamp="2022-10-19T09:22:08 CDT" time="142.148" errors="0">
  <testcase name="runDeleteLead" time="65.568" classname="testcase.DeleteLead"/>
  <system-out/>
  <testcase name="runDeleteLead" time="76.580" classname="testcase.DeleteLead"/>
  <system-out/>
</testsuite> <!-- testcase.DeleteLead -->
