<?xml version="1.0" encoding="UTF-8"?>
<!-- Generated by org.testng.reporters.JUnitReportReporter -->
<testsuite skipped="0" hostname="sabarishs-mbp.lan" name="week5.day2.LearnInvocation" tests="4" failures="0" timestamp="2022-10-02T05:10:07 CDT" time="0.017" errors="0">
  <testcase name="create" time="0.008" classname="week5.day2.LearnInvocation"/>
  <system-out/>
  <testcase name="create" time="0.008" classname="week5.day2.LearnInvocation"/>
  <system-out/>
  <testcase name="create" time="0.001" classname="week5.day2.LearnInvocation"/>
  <system-out/>
  <testcase name="edit" time="0.000" classname="week5.day2.LearnInvocation"/>
  <system-out/>
</testsuite> <!-- week5.day2.LearnInvocation -->
