<?xml version="1.0" encoding="UTF-8"?>
<!-- Generated by org.testng.reporters.JUnitReportReporter -->
<testsuite skipped="0" hostname="sabarishs-mbp.lan" name="week5.day2.LearnDepends" tests="2" failures="0" timestamp="2022-10-02T06:34:42 CDT" time="0.012" errors="0">
  <testcase name="create" time="0.002" classname="week5.day2.LearnDepends"/>
  <system-out/>
  <testcase name="edit" time="0.010" classname="week5.day2.LearnDepends"/>
  <system-out/>
</testsuite> <!-- week5.day2.LearnDepends -->
