<?xml version="1.0" encoding="UTF-8"?>
<!-- Generated by org.testng.reporters.JUnitReportReporter -->
<testsuite skipped="0" hostname="sabarishs-mbp.lan" name="LearnAnnotaion" tests="2" failures="0" timestamp="2022-10-02T03:53:09 CDT" time="0.009" errors="0">
  <testcase name="test1" time="0.007" classname="LearnAnnotaion"/>
  <system-out/>
  <testcase name="test2" time="0.002" classname="LearnAnnotaion"/>
  <system-out/>
</testsuite> <!-- LearnAnnotaion -->
